<?xml version="1.0" encoding="UTF-8"?>
<!-- Generated by org.testng.reporters.JUnitReportReporter -->
<testsuite hostname="Wiltons-MacBook-Pro.local" failures="0" tests="4" name="CompanyAPITest" time="8.148" errors="0" timestamp="2025-03-23T08:31:37 WIB" skipped="0">
  <testcase classname="CompanyAPITest" name="testCompanyAPIValue1" time="2.310"/>
  <testcase classname="CompanyAPITest" name="testCompanyAPIValue5" time="1.898"/>
  <testcase classname="CompanyAPITest" name="testCompanyID" time="2.105"/>
  <testcase classname="CompanyAPITest" name="testCompanyAPIValue20" time="1.835"/>
</testsuite> <!-- CompanyAPITest -->
