<?xml version="1.0" encoding="UTF-8"?>
<!-- Generated by org.testng.reporters.JUnitReportReporter -->
<testsuite hostname="Wiltons-MacBook-Pro.local" failures="0" tests="4" name="CompanyAPITest" time="8.736" errors="0" timestamp="2025-03-23T08:29:01 WIB" skipped="0">
  <testcase classname="CompanyAPITest" name="testCompanyAPIValue1" time="2.499"/>
  <testcase classname="CompanyAPITest" name="testCompanyAPIValue5" time="2.111"/>
  <testcase classname="CompanyAPITest" name="testCompanyID" time="2.308"/>
  <testcase classname="CompanyAPITest" name="testCompanyAPIValue20" time="1.818"/>
</testsuite> <!-- CompanyAPITest -->
